2019-05-28 00:07:13.082 [restartedMain] INFO 
				com.mazhe.WcharApplication-Starting WcharApplication on 75FSNYB25U5X91C with PID 200 (E:\IdeaProjects\wchar\target\classes started by Administrator in E:\IdeaProjects\wchar)
2019-05-28 00:07:13.128 [restartedMain] INFO 
				com.mazhe.WcharApplication-The following profiles are active: uat
2019-05-28 00:07:13.239 [restartedMain] INFO 
				o.s.b.w.s.c.AnnotationConfigServletWebServerApplicationContext-Refreshing org.springframework.boot.web.servlet.context.AnnotationConfigServletWebServerApplicationContext@14ad82ce: startup date [Tue May 28 00:07:13 CST 2019]; root of context hierarchy
2019-05-28 00:07:15.724 [restartedMain] INFO 
				o.s.c.s.PostProcessorRegistrationDelegate$BeanPostProcessorChecker-Bean 'org.springframework.transaction.annotation.ProxyTransactionManagementConfiguration' of type [org.springframework.transaction.annotation.ProxyTransactionManagementConfiguration$$EnhancerBySpringCGLIB$$fa8e9bc1] is not eligible for getting processed by all BeanPostProcessors (for example: not eligible for auto-proxying)
2019-05-28 00:07:17.114 [restartedMain] INFO 
				o.s.b.w.e.tomcat.TomcatWebServer-Tomcat initialized with port(s): 8081 (http)
2019-05-28 00:07:17.137 [restartedMain] INFO 
				o.a.catalina.core.StandardService-Starting service [Tomcat]
2019-05-28 00:07:17.137 [restartedMain] INFO 
				o.a.catalina.core.StandardEngine-Starting Servlet Engine: Apache Tomcat/8.5.32
2019-05-28 00:07:17.142 [localhost-startStop-1] INFO 
				o.a.c.core.AprLifecycleListener-The APR based Apache Tomcat Native library which allows optimal performance in production environments was not found on the java.library.path: [D:\Java\jdk1.8.0_202\bin;C:\Windows\Sun\Java\bin;C:\Windows\system32;C:\Windows;%JAVA_HOME%\bin;C:\Program Files (x86)\Common Files\Oracle\Java\javapath;D:\Xshell 6\;C:\Windows\system32;C:\Windows;C:\Windows\System32\Wbem;C:\Windows\System32\WindowsPowerShell\v1.0\;C:\Windows\System32\OpenSSH\;C:\Program Files (x86)\NVIDIA Corporation\PhysX\Common;C:\Program Files\NVIDIA Corporation\NVIDIA NvDLISR;C:\Program Files\MySQL\MySQL Utilities 1.6\;C:\Users\Administrator\AppData\Local\Microsoft\WindowsApps;;.]
2019-05-28 00:07:17.246 [localhost-startStop-1] INFO 
				o.a.c.c.C.[.[localhost].[/shop]-Initializing Spring embedded WebApplicationContext
2019-05-28 00:07:17.247 [localhost-startStop-1] INFO 
				o.s.web.context.ContextLoader-Root WebApplicationContext: initialization completed in 4008 ms
2019-05-28 00:07:17.306 [localhost-startStop-1] INFO 
				o.s.b.w.s.ServletRegistrationBean-Servlet dispatcherServlet mapped to [/]
2019-05-28 00:07:17.309 [localhost-startStop-1] INFO 
				o.s.b.w.s.FilterRegistrationBean-Mapping filter: 'characterEncodingFilter' to: [/*]
2019-05-28 00:07:17.310 [localhost-startStop-1] INFO 
				o.s.b.w.s.FilterRegistrationBean-Mapping filter: 'hiddenHttpMethodFilter' to: [/*]
2019-05-28 00:07:17.310 [localhost-startStop-1] INFO 
				o.s.b.w.s.FilterRegistrationBean-Mapping filter: 'httpPutFormContentFilter' to: [/*]
2019-05-28 00:07:17.310 [localhost-startStop-1] INFO 
				o.s.b.w.s.FilterRegistrationBean-Mapping filter: 'requestContextFilter' to: [/*]
2019-05-28 00:07:17.490 [restartedMain] INFO 
				com.zaxxer.hikari.HikariDataSource-lol - Starting...
2019-05-28 00:07:17.608 [restartedMain] INFO 
				com.zaxxer.hikari.HikariDataSource-lol - Start completed.
2019-05-28 00:07:17.836 [restartedMain] INFO 
				o.s.o.j.LocalContainerEntityManagerFactoryBean-Building JPA container EntityManagerFactory for persistence unit 'default'
2019-05-28 00:07:17.887 [restartedMain] INFO 
				o.h.jpa.internal.util.LogHelper-HHH000204: Processing PersistenceUnitInfo [
	name: default
	...]
2019-05-28 00:07:17.964 [restartedMain] INFO 
				org.hibernate.Version-HHH000412: Hibernate Core {5.2.17.Final}
2019-05-28 00:07:17.966 [restartedMain] INFO 
				org.hibernate.cfg.Environment-HHH000206: hibernate.properties not found
2019-05-28 00:07:18.023 [restartedMain] INFO 
				o.h.annotations.common.Version-HCANN000001: Hibernate Commons Annotations {5.0.1.Final}
2019-05-28 00:07:18.159 [restartedMain] INFO 
				org.hibernate.dialect.Dialect-HHH000400: Using dialect: org.hibernate.dialect.MySQL5Dialect
2019-05-28 00:07:18.784 [restartedMain] INFO 
				o.s.o.j.LocalContainerEntityManagerFactoryBean-Initialized JPA EntityManagerFactory for persistence unit 'default'
2019-05-28 00:07:19.145 [restartedMain] WARN 
				o.s.b.w.s.c.AnnotationConfigServletWebServerApplicationContext-Exception encountered during context initialization - cancelling refresh attempt: org.springframework.beans.factory.UnsatisfiedDependencyException: Error creating bean with name 'manageService': Unsatisfied dependency expressed through field 'userRepository'; nested exception is org.springframework.beans.factory.BeanCreationException: Error creating bean with name 'userRepository': Invocation of init method failed; nested exception is java.lang.IllegalArgumentException: Failed to create query for method public abstract java.util.List com.mazhe.dao.UserRepository.findByTypeId(java.lang.Long)! No property typeId found for type User!
2019-05-28 00:07:19.146 [restartedMain] INFO 
				o.s.o.j.LocalContainerEntityManagerFactoryBean-Closing JPA EntityManagerFactory for persistence unit 'default'
2019-05-28 00:07:19.147 [restartedMain] INFO 
				com.zaxxer.hikari.HikariDataSource-lol - Shutdown initiated...
2019-05-28 00:07:19.153 [restartedMain] INFO 
				com.zaxxer.hikari.HikariDataSource-lol - Shutdown completed.
2019-05-28 00:07:19.155 [restartedMain] INFO 
				o.a.catalina.core.StandardService-Stopping service [Tomcat]
2019-05-28 00:07:19.186 [restartedMain] INFO 
				o.s.b.a.l.ConditionEvaluationReportLoggingListener-

Error starting ApplicationContext. To display the conditions report re-run your application with 'debug' enabled.
2019-05-28 00:07:19.194 [restartedMain] ERROR
				o.s.boot.SpringApplication-Application run failed
org.springframework.beans.factory.UnsatisfiedDependencyException: Error creating bean with name 'manageService': Unsatisfied dependency expressed through field 'userRepository'; nested exception is org.springframework.beans.factory.BeanCreationException: Error creating bean with name 'userRepository': Invocation of init method failed; nested exception is java.lang.IllegalArgumentException: Failed to create query for method public abstract java.util.List com.mazhe.dao.UserRepository.findByTypeId(java.lang.Long)! No property typeId found for type User!
	at org.springframework.beans.factory.annotation.AutowiredAnnotationBeanPostProcessor$AutowiredFieldElement.inject(AutowiredAnnotationBeanPostProcessor.java:586)
	at org.springframework.beans.factory.annotation.InjectionMetadata.inject(InjectionMetadata.java:91)
	at org.springframework.beans.factory.annotation.AutowiredAnnotationBeanPostProcessor.postProcessPropertyValues(AutowiredAnnotationBeanPostProcessor.java:372)
	at org.springframework.beans.factory.support.AbstractAutowireCapableBeanFactory.populateBean(AbstractAutowireCapableBeanFactory.java:1341)
	at org.springframework.beans.factory.support.AbstractAutowireCapableBeanFactory.doCreateBean(AbstractAutowireCapableBeanFactory.java:572)
	at org.springframework.beans.factory.support.AbstractAutowireCapableBeanFactory.createBean(AbstractAutowireCapableBeanFactory.java:495)
	at org.springframework.beans.factory.support.AbstractBeanFactory.lambda$doGetBean$0(AbstractBeanFactory.java:317)
	at org.springframework.beans.factory.support.DefaultSingletonBeanRegistry.getSingleton(DefaultSingletonBeanRegistry.java:222)
	at org.springframework.beans.factory.support.AbstractBeanFactory.doGetBean(AbstractBeanFactory.java:315)
	at org.springframework.beans.factory.support.AbstractBeanFactory.getBean(AbstractBeanFactory.java:199)
	at org.springframework.beans.factory.support.DefaultListableBeanFactory.preInstantiateSingletons(DefaultListableBeanFactory.java:759)
	at org.springframework.context.support.AbstractApplicationContext.finishBeanFactoryInitialization(AbstractApplicationContext.java:869)
	at org.springframework.context.support.AbstractApplicationContext.refresh(AbstractApplicationContext.java:550)
	at org.springframework.boot.web.servlet.context.ServletWebServerApplicationContext.refresh(ServletWebServerApplicationContext.java:140)
	at org.springframework.boot.SpringApplication.refresh(SpringApplication.java:762)
	at org.springframework.boot.SpringApplication.refreshContext(SpringApplication.java:398)
	at org.springframework.boot.SpringApplication.run(SpringApplication.java:330)
	at org.springframework.boot.SpringApplication.run(SpringApplication.java:1258)
	at org.springframework.boot.SpringApplication.run(SpringApplication.java:1246)
	at com.mazhe.WcharApplication.main(WcharApplication.java:12)
	at sun.reflect.NativeMethodAccessorImpl.invoke0(Native Method)
	at sun.reflect.NativeMethodAccessorImpl.invoke(NativeMethodAccessorImpl.java:62)
	at sun.reflect.DelegatingMethodAccessorImpl.invoke(DelegatingMethodAccessorImpl.java:43)
	at java.lang.reflect.Method.invoke(Method.java:498)
	at org.springframework.boot.devtools.restart.RestartLauncher.run(RestartLauncher.java:49)
Caused by: org.springframework.beans.factory.BeanCreationException: Error creating bean with name 'userRepository': Invocation of init method failed; nested exception is java.lang.IllegalArgumentException: Failed to create query for method public abstract java.util.List com.mazhe.dao.UserRepository.findByTypeId(java.lang.Long)! No property typeId found for type User!
	at org.springframework.beans.factory.support.AbstractAutowireCapableBeanFactory.initializeBean(AbstractAutowireCapableBeanFactory.java:1699)
	at org.springframework.beans.factory.support.AbstractAutowireCapableBeanFactory.doCreateBean(AbstractAutowireCapableBeanFactory.java:573)
	at org.springframework.beans.factory.support.AbstractAutowireCapableBeanFactory.createBean(AbstractAutowireCapableBeanFactory.java:495)
	at org.springframework.beans.factory.support.AbstractBeanFactory.lambda$doGetBean$0(AbstractBeanFactory.java:317)
	at org.springframework.beans.factory.support.DefaultSingletonBeanRegistry.getSingleton(DefaultSingletonBeanRegistry.java:222)
	at org.springframework.beans.factory.support.AbstractBeanFactory.doGetBean(AbstractBeanFactory.java:315)
	at org.springframework.beans.factory.support.AbstractBeanFactory.getBean(AbstractBeanFactory.java:199)
	at org.springframework.beans.factory.config.DependencyDescriptor.resolveCandidate(DependencyDescriptor.java:251)
	at org.springframework.beans.factory.support.DefaultListableBeanFactory.doResolveDependency(DefaultListableBeanFactory.java:1135)
	at org.springframework.beans.factory.support.DefaultListableBeanFactory.resolveDependency(DefaultListableBeanFactory.java:1062)
	at org.springframework.beans.factory.annotation.AutowiredAnnotationBeanPostProcessor$AutowiredFieldElement.inject(AutowiredAnnotationBeanPostProcessor.java:583)
	... 24 common frames omitted
Caused by: java.lang.IllegalArgumentException: Failed to create query for method public abstract java.util.List com.mazhe.dao.UserRepository.findByTypeId(java.lang.Long)! No property typeId found for type User!
	at org.springframework.data.jpa.repository.query.PartTreeJpaQuery.<init>(PartTreeJpaQuery.java:82)
	at org.springframework.data.jpa.repository.query.JpaQueryLookupStrategy$CreateQueryLookupStrategy.resolveQuery(JpaQueryLookupStrategy.java:103)
	at org.springframework.data.jpa.repository.query.JpaQueryLookupStrategy$CreateIfNotFoundQueryLookupStrategy.resolveQuery(JpaQueryLookupStrategy.java:208)
	at org.springframework.data.jpa.repository.query.JpaQueryLookupStrategy$AbstractQueryLookupStrategy.resolveQuery(JpaQueryLookupStrategy.java:79)
	at org.springframework.data.repository.core.support.RepositoryFactorySupport$QueryExecutorMethodInterceptor.lookupQuery(RepositoryFactorySupport.java:553)
	at org.springframework.data.repository.core.support.RepositoryFactorySupport$QueryExecutorMethodInterceptor.lambda$mapMethodsToQuery$1(RepositoryFactorySupport.java:546)
	at java.util.stream.ReferencePipeline$3$1.accept(ReferencePipeline.java:193)
	at java.util.Iterator.forEachRemaining(Iterator.java:116)
	at java.util.Collections$UnmodifiableCollection$1.forEachRemaining(Collections.java:1049)
	at java.util.Spliterators$IteratorSpliterator.forEachRemaining(Spliterators.java:1801)
	at java.util.stream.AbstractPipeline.copyInto(AbstractPipeline.java:481)
	at java.util.stream.AbstractPipeline.wrapAndCopyInto(AbstractPipeline.java:471)
	at java.util.stream.ReduceOps$ReduceOp.evaluateSequential(ReduceOps.java:708)
	at java.util.stream.AbstractPipeline.evaluate(AbstractPipeline.java:234)
	at java.util.stream.ReferencePipeline.collect(ReferencePipeline.java:499)
	at org.springframework.data.repository.core.support.RepositoryFactorySupport$QueryExecutorMethodInterceptor.mapMethodsToQuery(RepositoryFactorySupport.java:548)
	at org.springframework.data.repository.core.support.RepositoryFactorySupport$QueryExecutorMethodInterceptor.lambda$new$0(RepositoryFactorySupport.java:538)
	at java.util.Optional.map(Optional.java:215)
	at org.springframework.data.repository.core.support.RepositoryFactorySupport$QueryExecutorMethodInterceptor.<init>(RepositoryFactorySupport.java:538)
	at org.springframework.data.repository.core.support.RepositoryFactorySupport.getRepository(RepositoryFactorySupport.java:317)
	at org.springframework.data.repository.core.support.RepositoryFactoryBeanSupport.lambda$afterPropertiesSet$3(RepositoryFactoryBeanSupport.java:286)
	at org.springframework.data.util.Lazy.getNullable(Lazy.java:141)
	at org.springframework.data.util.Lazy.get(Lazy.java:63)
	at org.springframework.data.repository.core.support.RepositoryFactoryBeanSupport.afterPropertiesSet(RepositoryFactoryBeanSupport.java:289)
	at org.springframework.data.jpa.repository.support.JpaRepositoryFactoryBean.afterPropertiesSet(JpaRepositoryFactoryBean.java:102)
	at org.springframework.beans.factory.support.AbstractAutowireCapableBeanFactory.invokeInitMethods(AbstractAutowireCapableBeanFactory.java:1758)
	at org.springframework.beans.factory.support.AbstractAutowireCapableBeanFactory.initializeBean(AbstractAutowireCapableBeanFactory.java:1695)
	... 34 common frames omitted
Caused by: org.springframework.data.mapping.PropertyReferenceException: No property typeId found for type User!
	at org.springframework.data.mapping.PropertyPath.<init>(PropertyPath.java:94)
	at org.springframework.data.mapping.PropertyPath.create(PropertyPath.java:358)
	at org.springframework.data.mapping.PropertyPath.create(PropertyPath.java:334)
	at org.springframework.data.mapping.PropertyPath.lambda$from$0(PropertyPath.java:287)
	at java.util.concurrent.ConcurrentMap.computeIfAbsent(ConcurrentMap.java:324)
	at org.springframework.data.mapping.PropertyPath.from(PropertyPath.java:269)
	at org.springframework.data.mapping.PropertyPath.from(PropertyPath.java:252)
	at org.springframework.data.repository.query.parser.Part.<init>(Part.java:81)
	at org.springframework.data.repository.query.parser.PartTree$OrPart.lambda$new$0(PartTree.java:250)
	at java.util.stream.ReferencePipeline$3$1.accept(ReferencePipeline.java:193)
	at java.util.stream.ReferencePipeline$2$1.accept(ReferencePipeline.java:175)
	at java.util.Spliterators$ArraySpliterator.forEachRemaining(Spliterators.java:948)
	at java.util.stream.AbstractPipeline.copyInto(AbstractPipeline.java:481)
	at java.util.stream.AbstractPipeline.wrapAndCopyInto(AbstractPipeline.java:471)
	at java.util.stream.ReduceOps$ReduceOp.evaluateSequential(ReduceOps.java:708)
	at java.util.stream.AbstractPipeline.evaluate(AbstractPipeline.java:234)
	at java.util.stream.ReferencePipeline.collect(ReferencePipeline.java:499)
	at org.springframework.data.repository.query.parser.PartTree$OrPart.<init>(PartTree.java:251)
	at org.springframework.data.repository.query.parser.PartTree$Predicate.lambda$new$0(PartTree.java:380)
	at java.util.stream.ReferencePipeline$3$1.accept(ReferencePipeline.java:193)
	at java.util.stream.ReferencePipeline$2$1.accept(ReferencePipeline.java:175)
	at java.util.Spliterators$ArraySpliterator.forEachRemaining(Spliterators.java:948)
	at java.util.stream.AbstractPipeline.copyInto(AbstractPipeline.java:481)
	at java.util.stream.AbstractPipeline.wrapAndCopyInto(AbstractPipeline.java:471)
	at java.util.stream.ReduceOps$ReduceOp.evaluateSequential(ReduceOps.java:708)
	at java.util.stream.AbstractPipeline.evaluate(AbstractPipeline.java:234)
	at java.util.stream.ReferencePipeline.collect(ReferencePipeline.java:499)
	at org.springframework.data.repository.query.parser.PartTree$Predicate.<init>(PartTree.java:381)
	at org.springframework.data.repository.query.parser.PartTree.<init>(PartTree.java:96)
	at org.springframework.data.jpa.repository.query.PartTreeJpaQuery.<init>(PartTreeJpaQuery.java:76)
	... 60 common frames omitted
2019-05-28 00:07:53.694 [restartedMain] INFO 
				com.mazhe.WcharApplication-Starting WcharApplication on 75FSNYB25U5X91C with PID 9976 (E:\IdeaProjects\wchar\target\classes started by Administrator in E:\IdeaProjects\wchar)
2019-05-28 00:07:53.696 [restartedMain] INFO 
				com.mazhe.WcharApplication-The following profiles are active: uat
2019-05-28 00:07:53.845 [restartedMain] INFO 
				o.s.b.w.s.c.AnnotationConfigServletWebServerApplicationContext-Refreshing org.springframework.boot.web.servlet.context.AnnotationConfigServletWebServerApplicationContext@737f9a48: startup date [Tue May 28 00:07:53 CST 2019]; root of context hierarchy
2019-05-28 00:07:56.127 [restartedMain] INFO 
				o.s.c.s.PostProcessorRegistrationDelegate$BeanPostProcessorChecker-Bean 'org.springframework.transaction.annotation.ProxyTransactionManagementConfiguration' of type [org.springframework.transaction.annotation.ProxyTransactionManagementConfiguration$$EnhancerBySpringCGLIB$$1127449d] is not eligible for getting processed by all BeanPostProcessors (for example: not eligible for auto-proxying)
2019-05-28 00:07:56.845 [restartedMain] INFO 
				o.s.b.w.e.tomcat.TomcatWebServer-Tomcat initialized with port(s): 8081 (http)
2019-05-28 00:07:56.865 [restartedMain] INFO 
				o.a.catalina.core.StandardService-Starting service [Tomcat]
2019-05-28 00:07:56.866 [restartedMain] INFO 
				o.a.catalina.core.StandardEngine-Starting Servlet Engine: Apache Tomcat/8.5.32
2019-05-28 00:07:56.869 [localhost-startStop-1] INFO 
				o.a.c.core.AprLifecycleListener-The APR based Apache Tomcat Native library which allows optimal performance in production environments was not found on the java.library.path: [D:\Java\jdk1.8.0_202\bin;C:\Windows\Sun\Java\bin;C:\Windows\system32;C:\Windows;%JAVA_HOME%\bin;C:\Program Files (x86)\Common Files\Oracle\Java\javapath;D:\Xshell 6\;C:\Windows\system32;C:\Windows;C:\Windows\System32\Wbem;C:\Windows\System32\WindowsPowerShell\v1.0\;C:\Windows\System32\OpenSSH\;C:\Program Files (x86)\NVIDIA Corporation\PhysX\Common;C:\Program Files\NVIDIA Corporation\NVIDIA NvDLISR;C:\Program Files\MySQL\MySQL Utilities 1.6\;C:\Users\Administrator\AppData\Local\Microsoft\WindowsApps;;.]
2019-05-28 00:07:56.955 [localhost-startStop-1] INFO 
				o.a.c.c.C.[.[localhost].[/shop]-Initializing Spring embedded WebApplicationContext
2019-05-28 00:07:56.955 [localhost-startStop-1] INFO 
				o.s.web.context.ContextLoader-Root WebApplicationContext: initialization completed in 3110 ms
2019-05-28 00:07:57.019 [localhost-startStop-1] INFO 
				o.s.b.w.s.ServletRegistrationBean-Servlet dispatcherServlet mapped to [/]
2019-05-28 00:07:57.022 [localhost-startStop-1] INFO 
				o.s.b.w.s.FilterRegistrationBean-Mapping filter: 'characterEncodingFilter' to: [/*]
2019-05-28 00:07:57.023 [localhost-startStop-1] INFO 
				o.s.b.w.s.FilterRegistrationBean-Mapping filter: 'hiddenHttpMethodFilter' to: [/*]
2019-05-28 00:07:57.024 [localhost-startStop-1] INFO 
				o.s.b.w.s.FilterRegistrationBean-Mapping filter: 'httpPutFormContentFilter' to: [/*]
2019-05-28 00:07:57.024 [localhost-startStop-1] INFO 
				o.s.b.w.s.FilterRegistrationBean-Mapping filter: 'requestContextFilter' to: [/*]
2019-05-28 00:07:57.178 [restartedMain] INFO 
				com.zaxxer.hikari.HikariDataSource-lol - Starting...
2019-05-28 00:07:57.262 [restartedMain] INFO 
				com.zaxxer.hikari.HikariDataSource-lol - Start completed.
2019-05-28 00:07:57.426 [restartedMain] INFO 
				o.s.o.j.LocalContainerEntityManagerFactoryBean-Building JPA container EntityManagerFactory for persistence unit 'default'
2019-05-28 00:07:57.443 [restartedMain] INFO 
				o.h.jpa.internal.util.LogHelper-HHH000204: Processing PersistenceUnitInfo [
	name: default
	...]
2019-05-28 00:07:57.494 [restartedMain] INFO 
				org.hibernate.Version-HHH000412: Hibernate Core {5.2.17.Final}
2019-05-28 00:07:57.496 [restartedMain] INFO 
				org.hibernate.cfg.Environment-HHH000206: hibernate.properties not found
2019-05-28 00:07:57.525 [restartedMain] INFO 
				o.h.annotations.common.Version-HCANN000001: Hibernate Commons Annotations {5.0.1.Final}
2019-05-28 00:07:57.626 [restartedMain] INFO 
				org.hibernate.dialect.Dialect-HHH000400: Using dialect: org.hibernate.dialect.MySQL5Dialect
2019-05-28 00:07:58.088 [restartedMain] INFO 
				o.s.o.j.LocalContainerEntityManagerFactoryBean-Initialized JPA EntityManagerFactory for persistence unit 'default'
2019-05-28 00:07:58.670 [restartedMain] WARN 
				o.s.b.a.o.j.JpaBaseConfiguration$JpaWebConfiguration$JpaWebMvcConfiguration-spring.jpa.open-in-view is enabled by default. Therefore, database queries may be performed during view rendering. Explicitly configure spring.jpa.open-in-view to disable this warning
2019-05-28 00:07:58.722 [restartedMain] INFO 
				o.s.w.s.m.m.a.RequestMappingHandlerMapping-Mapped "{[/api/order/test],methods=[POST]}" onto public com.mazhe.domain.Product com.mazhe.controller.OrderController.call(javax.servlet.http.HttpServletRequest,com.mazhe.domain.Product)
2019-05-28 00:07:58.724 [restartedMain] INFO 
				o.s.w.s.m.m.a.RequestMappingHandlerMapping-Mapped "{[/api/order/status],methods=[GET]}" onto public java.lang.Object com.mazhe.controller.OrderController.checkStatus(javax.servlet.http.HttpServletRequest)
2019-05-28 00:07:58.725 [restartedMain] INFO 
				o.s.w.s.m.m.a.RequestMappingHandlerMapping-Mapped "{[/api/wechar/product/add],methods=[POST]}" onto public java.lang.Object com.mazhe.controller.WecharController.addProduct(javax.servlet.http.HttpServletRequest,com.mazhe.domain.Product)
2019-05-28 00:07:58.726 [restartedMain] INFO 
				o.s.w.s.m.m.a.RequestMappingHandlerMapping-Mapped "{[/api/wechar/fileUpload],methods=[POST]}" onto public java.lang.Object com.mazhe.controller.WecharController.fileUpload(org.springframework.web.multipart.MultipartFile)
2019-05-28 00:07:58.727 [restartedMain] INFO 
				o.s.w.s.m.m.a.RequestMappingHandlerMapping-Mapped "{[/api/wechar/product/find/{Id}],methods=[GET]}" onto public java.lang.Object com.mazhe.controller.WecharController.findProductById(javax.servlet.http.HttpServletRequest,java.lang.Long)
2019-05-28 00:07:58.727 [restartedMain] INFO 
				o.s.w.s.m.m.a.RequestMappingHandlerMapping-Mapped "{[/api/wechar/product/find/all],methods=[GET]}" onto public java.lang.Object com.mazhe.controller.WecharController.findAllProduct(javax.servlet.http.HttpServletRequest)
2019-05-28 00:07:58.727 [restartedMain] INFO 
				o.s.w.s.m.m.a.RequestMappingHandlerMapping-Mapped "{[/api/wechar/wechar/login],methods=[GET]}" onto public java.lang.Object com.mazhe.controller.WecharController.wecharlogin(java.lang.String)
2019-05-28 00:07:58.728 [restartedMain] INFO 
				o.s.w.s.m.m.a.RequestMappingHandlerMapping-Mapped "{[/api/wechar/productype/add],methods=[POST]}" onto public java.lang.Object com.mazhe.controller.WecharController.addProductType(javax.servlet.http.HttpServletRequest,com.mazhe.domain.ProductType)
2019-05-28 00:07:58.728 [restartedMain] INFO 
				o.s.w.s.m.m.a.RequestMappingHandlerMapping-Mapped "{[/api/wechar/product/find/type/{typeId}],methods=[GET]}" onto public java.lang.Object com.mazhe.controller.WecharController.findProductByType(javax.servlet.http.HttpServletRequest,java.lang.Long)
2019-05-28 00:07:58.728 [restartedMain] INFO 
				o.s.w.s.m.m.a.RequestMappingHandlerMapping-Mapped "{[/api/wechar/productype/find/all],methods=[GET]}" onto public java.lang.Object com.mazhe.controller.WecharController.findAllProductType(javax.servlet.http.HttpServletRequest)
2019-05-28 00:07:58.732 [restartedMain] INFO 
				o.s.w.s.m.m.a.RequestMappingHandlerMapping-Mapped "{[/swagger-resources/configuration/ui]}" onto public org.springframework.http.ResponseEntity<springfox.documentation.swagger.web.UiConfiguration> springfox.documentation.swagger.web.ApiResourceController.uiConfiguration()
2019-05-28 00:07:58.733 [restartedMain] INFO 
				o.s.w.s.m.m.a.RequestMappingHandlerMapping-Mapped "{[/swagger-resources]}" onto public org.springframework.http.ResponseEntity<java.util.List<springfox.documentation.swagger.web.SwaggerResource>> springfox.documentation.swagger.web.ApiResourceController.swaggerResources()
2019-05-28 00:07:58.734 [restartedMain] INFO 
				o.s.w.s.m.m.a.RequestMappingHandlerMapping-Mapped "{[/swagger-resources/configuration/security]}" onto public org.springframework.http.ResponseEntity<springfox.documentation.swagger.web.SecurityConfiguration> springfox.documentation.swagger.web.ApiResourceController.securityConfiguration()
2019-05-28 00:07:58.736 [restartedMain] INFO 
				o.s.w.s.m.m.a.RequestMappingHandlerMapping-Mapped "{[/error]}" onto public org.springframework.http.ResponseEntity<java.util.Map<java.lang.String, java.lang.Object>> org.springframework.boot.autoconfigure.web.servlet.error.BasicErrorController.error(javax.servlet.http.HttpServletRequest)
2019-05-28 00:07:58.736 [restartedMain] INFO 
				o.s.w.s.m.m.a.RequestMappingHandlerMapping-Mapped "{[/error],produces=[text/html]}" onto public org.springframework.web.servlet.ModelAndView org.springframework.boot.autoconfigure.web.servlet.error.BasicErrorController.errorHtml(javax.servlet.http.HttpServletRequest,javax.servlet.http.HttpServletResponse)
2019-05-28 00:07:58.849 [restartedMain] INFO 
				s.d.s.w.PropertySourcedRequestMappingHandlerMapping-Mapped URL path [/v2/api-docs] onto method [public org.springframework.http.ResponseEntity<springfox.documentation.spring.web.json.Json> springfox.documentation.swagger2.web.Swagger2Controller.getDocumentation(java.lang.String,javax.servlet.http.HttpServletRequest)]
2019-05-28 00:07:58.923 [restartedMain] INFO 
				o.s.w.s.h.SimpleUrlHandlerMapping-Mapped URL path [/**/favicon.ico] onto handler of type [class org.springframework.web.servlet.resource.ResourceHttpRequestHandler]
2019-05-28 00:07:59.168 [restartedMain] INFO 
				o.s.w.s.m.m.a.RequestMappingHandlerAdapter-Looking for @ControllerAdvice: org.springframework.boot.web.servlet.context.AnnotationConfigServletWebServerApplicationContext@737f9a48: startup date [Tue May 28 00:07:53 CST 2019]; root of context hierarchy
2019-05-28 00:07:59.208 [restartedMain] INFO 
				o.s.w.s.h.SimpleUrlHandlerMapping-Mapped URL path [/webjars/**] onto handler of type [class org.springframework.web.servlet.resource.ResourceHttpRequestHandler]
2019-05-28 00:07:59.208 [restartedMain] INFO 
				o.s.w.s.h.SimpleUrlHandlerMapping-Mapped URL path [/**] onto handler of type [class org.springframework.web.servlet.resource.ResourceHttpRequestHandler]
2019-05-28 00:07:59.208 [restartedMain] INFO 
				o.s.w.s.h.SimpleUrlHandlerMapping-Mapped URL path [/upload/**] onto handler of type [class org.springframework.web.servlet.resource.ResourceHttpRequestHandler]
2019-05-28 00:07:59.487 [restartedMain] INFO 
				o.s.b.d.a.OptionalLiveReloadServer-LiveReload server is running on port 35729
2019-05-28 00:07:59.513 [restartedMain] INFO 
				o.s.j.e.a.AnnotationMBeanExporter-Registering beans for JMX exposure on startup
2019-05-28 00:07:59.515 [restartedMain] INFO 
				o.s.j.e.a.AnnotationMBeanExporter-Bean with name 'dataSource' has been autodetected for JMX exposure
2019-05-28 00:07:59.521 [restartedMain] INFO 
				o.s.j.e.a.AnnotationMBeanExporter-Located MBean 'dataSource': registering with JMX server as MBean [com.zaxxer.hikari:name=dataSource,type=HikariDataSource]
2019-05-28 00:07:59.526 [restartedMain] INFO 
				o.s.c.s.DefaultLifecycleProcessor-Starting beans in phase 2147483647
2019-05-28 00:07:59.526 [restartedMain] INFO 
				s.d.s.w.p.DocumentationPluginsBootstrapper-Context refreshed
2019-05-28 00:07:59.546 [restartedMain] INFO 
				s.d.s.w.p.DocumentationPluginsBootstrapper-Found 1 custom documentation plugin(s)
2019-05-28 00:07:59.569 [restartedMain] INFO 
				s.d.s.w.s.ApiListingReferenceScanner-Scanning for api listing references
2019-05-28 00:07:59.742 [restartedMain] INFO 
				o.s.b.w.e.tomcat.TomcatWebServer-Tomcat started on port(s): 8081 (http) with context path '/shop'
2019-05-28 00:07:59.745 [restartedMain] INFO 
				com.mazhe.WcharApplication-Started WcharApplication in 6.489 seconds (JVM running for 7.605)
2019-05-28 00:11:40.215 [restartedMain] INFO 
				com.mazhe.WcharApplication-Starting WcharApplication on 75FSNYB25U5X91C with PID 5952 (E:\IdeaProjects\wchar\target\classes started by Administrator in E:\IdeaProjects\wchar)
2019-05-28 00:11:40.217 [restartedMain] INFO 
				com.mazhe.WcharApplication-The following profiles are active: uat
2019-05-28 00:11:40.324 [restartedMain] INFO 
				o.s.b.w.s.c.AnnotationConfigServletWebServerApplicationContext-Refreshing org.springframework.boot.web.servlet.context.AnnotationConfigServletWebServerApplicationContext@3645cf2f: startup date [Tue May 28 00:11:40 CST 2019]; root of context hierarchy
2019-05-28 00:11:42.545 [restartedMain] INFO 
				o.s.c.s.PostProcessorRegistrationDelegate$BeanPostProcessorChecker-Bean 'org.springframework.transaction.annotation.ProxyTransactionManagementConfiguration' of type [org.springframework.transaction.annotation.ProxyTransactionManagementConfiguration$$EnhancerBySpringCGLIB$$920ff13d] is not eligible for getting processed by all BeanPostProcessors (for example: not eligible for auto-proxying)
2019-05-28 00:11:43.248 [restartedMain] INFO 
				o.s.b.w.e.tomcat.TomcatWebServer-Tomcat initialized with port(s): 8081 (http)
2019-05-28 00:11:43.266 [restartedMain] INFO 
				o.a.catalina.core.StandardService-Starting service [Tomcat]
2019-05-28 00:11:43.266 [restartedMain] INFO 
				o.a.catalina.core.StandardEngine-Starting Servlet Engine: Apache Tomcat/8.5.32
2019-05-28 00:11:43.269 [localhost-startStop-1] INFO 
				o.a.c.core.AprLifecycleListener-The APR based Apache Tomcat Native library which allows optimal performance in production environments was not found on the java.library.path: [D:\Java\jdk1.8.0_202\bin;C:\Windows\Sun\Java\bin;C:\Windows\system32;C:\Windows;%JAVA_HOME%\bin;C:\Program Files (x86)\Common Files\Oracle\Java\javapath;D:\Xshell 6\;C:\Windows\system32;C:\Windows;C:\Windows\System32\Wbem;C:\Windows\System32\WindowsPowerShell\v1.0\;C:\Windows\System32\OpenSSH\;C:\Program Files (x86)\NVIDIA Corporation\PhysX\Common;C:\Program Files\NVIDIA Corporation\NVIDIA NvDLISR;C:\Program Files\MySQL\MySQL Utilities 1.6\;C:\Users\Administrator\AppData\Local\Microsoft\WindowsApps;;.]
2019-05-28 00:11:43.358 [localhost-startStop-1] INFO 
				o.a.c.c.C.[.[localhost].[/shop]-Initializing Spring embedded WebApplicationContext
2019-05-28 00:11:43.358 [localhost-startStop-1] INFO 
				o.s.web.context.ContextLoader-Root WebApplicationContext: initialization completed in 3034 ms
2019-05-28 00:11:43.416 [localhost-startStop-1] INFO 
				o.s.b.w.s.ServletRegistrationBean-Servlet dispatcherServlet mapped to [/]
2019-05-28 00:11:43.419 [localhost-startStop-1] INFO 
				o.s.b.w.s.FilterRegistrationBean-Mapping filter: 'characterEncodingFilter' to: [/*]
2019-05-28 00:11:43.420 [localhost-startStop-1] INFO 
				o.s.b.w.s.FilterRegistrationBean-Mapping filter: 'hiddenHttpMethodFilter' to: [/*]
2019-05-28 00:11:43.420 [localhost-startStop-1] INFO 
				o.s.b.w.s.FilterRegistrationBean-Mapping filter: 'httpPutFormContentFilter' to: [/*]
2019-05-28 00:11:43.420 [localhost-startStop-1] INFO 
				o.s.b.w.s.FilterRegistrationBean-Mapping filter: 'requestContextFilter' to: [/*]
2019-05-28 00:11:43.700 [restartedMain] INFO 
				com.zaxxer.hikari.HikariDataSource-lol - Starting...
2019-05-28 00:11:43.837 [restartedMain] INFO 
				com.zaxxer.hikari.HikariDataSource-lol - Start completed.
2019-05-28 00:11:44.051 [restartedMain] INFO 
				o.s.o.j.LocalContainerEntityManagerFactoryBean-Building JPA container EntityManagerFactory for persistence unit 'default'
2019-05-28 00:11:44.068 [restartedMain] INFO 
				o.h.jpa.internal.util.LogHelper-HHH000204: Processing PersistenceUnitInfo [
	name: default
	...]
2019-05-28 00:11:44.163 [restartedMain] INFO 
				org.hibernate.Version-HHH000412: Hibernate Core {5.2.17.Final}
2019-05-28 00:11:44.165 [restartedMain] INFO 
				org.hibernate.cfg.Environment-HHH000206: hibernate.properties not found
2019-05-28 00:11:44.241 [restartedMain] INFO 
				o.h.annotations.common.Version-HCANN000001: Hibernate Commons Annotations {5.0.1.Final}
2019-05-28 00:11:44.444 [restartedMain] INFO 
				org.hibernate.dialect.Dialect-HHH000400: Using dialect: org.hibernate.dialect.MySQL5Dialect
2019-05-28 00:11:44.966 [restartedMain] INFO 
				o.s.o.j.LocalContainerEntityManagerFactoryBean-Initialized JPA EntityManagerFactory for persistence unit 'default'
2019-05-28 00:11:45.617 [restartedMain] WARN 
				o.s.b.a.o.j.JpaBaseConfiguration$JpaWebConfiguration$JpaWebMvcConfiguration-spring.jpa.open-in-view is enabled by default. Therefore, database queries may be performed during view rendering. Explicitly configure spring.jpa.open-in-view to disable this warning
2019-05-28 00:11:45.689 [restartedMain] INFO 
				o.s.w.s.m.m.a.RequestMappingHandlerMapping-Mapped "{[/api/order/test],methods=[POST]}" onto public com.mazhe.domain.Product com.mazhe.controller.OrderController.call(javax.servlet.http.HttpServletRequest,com.mazhe.domain.Product)
2019-05-28 00:11:45.696 [restartedMain] INFO 
				o.s.w.s.m.m.a.RequestMappingHandlerMapping-Mapped "{[/api/order/status],methods=[GET]}" onto public java.lang.Object com.mazhe.controller.OrderController.checkStatus(javax.servlet.http.HttpServletRequest)
2019-05-28 00:11:45.699 [restartedMain] INFO 
				o.s.w.s.m.m.a.RequestMappingHandlerMapping-Mapped "{[/api/wechar/productype/add],methods=[POST]}" onto public java.lang.Object com.mazhe.controller.WecharController.addProductType(javax.servlet.http.HttpServletRequest,com.mazhe.domain.ProductType)
2019-05-28 00:11:45.700 [restartedMain] INFO 
				o.s.w.s.m.m.a.RequestMappingHandlerMapping-Mapped "{[/api/wechar/wechar/login],methods=[GET]}" onto public java.lang.Object com.mazhe.controller.WecharController.wecharlogin(java.lang.String)
2019-05-28 00:11:45.701 [restartedMain] INFO 
				o.s.w.s.m.m.a.RequestMappingHandlerMapping-Mapped "{[/api/wechar/product/add],methods=[POST]}" onto public java.lang.Object com.mazhe.controller.WecharController.addProduct(javax.servlet.http.HttpServletRequest,com.mazhe.domain.Product)
2019-05-28 00:11:45.702 [restartedMain] INFO 
				o.s.w.s.m.m.a.RequestMappingHandlerMapping-Mapped "{[/api/wechar/product/find/{Id}],methods=[GET]}" onto public java.lang.Object com.mazhe.controller.WecharController.findProductById(javax.servlet.http.HttpServletRequest,java.lang.Long)
2019-05-28 00:11:45.702 [restartedMain] INFO 
				o.s.w.s.m.m.a.RequestMappingHandlerMapping-Mapped "{[/api/wechar/product/find/all],methods=[GET]}" onto public java.lang.Object com.mazhe.controller.WecharController.findAllProduct(javax.servlet.http.HttpServletRequest)
2019-05-28 00:11:45.703 [restartedMain] INFO 
				o.s.w.s.m.m.a.RequestMappingHandlerMapping-Mapped "{[/api/wechar/fileUpload],methods=[POST]}" onto public java.lang.Object com.mazhe.controller.WecharController.fileUpload(org.springframework.web.multipart.MultipartFile)
2019-05-28 00:11:45.704 [restartedMain] INFO 
				o.s.w.s.m.m.a.RequestMappingHandlerMapping-Mapped "{[/api/wechar/product/find/type/{typeId}],methods=[GET]}" onto public java.lang.Object com.mazhe.controller.WecharController.findProductByType(javax.servlet.http.HttpServletRequest,java.lang.Long)
2019-05-28 00:11:45.704 [restartedMain] INFO 
				o.s.w.s.m.m.a.RequestMappingHandlerMapping-Mapped "{[/api/wechar/productype/find/all],methods=[GET]}" onto public java.lang.Object com.mazhe.controller.WecharController.findAllProductType(javax.servlet.http.HttpServletRequest)
2019-05-28 00:11:45.709 [restartedMain] INFO 
				o.s.w.s.m.m.a.RequestMappingHandlerMapping-Mapped "{[/swagger-resources/configuration/ui]}" onto public org.springframework.http.ResponseEntity<springfox.documentation.swagger.web.UiConfiguration> springfox.documentation.swagger.web.ApiResourceController.uiConfiguration()
2019-05-28 00:11:45.711 [restartedMain] INFO 
				o.s.w.s.m.m.a.RequestMappingHandlerMapping-Mapped "{[/swagger-resources]}" onto public org.springframework.http.ResponseEntity<java.util.List<springfox.documentation.swagger.web.SwaggerResource>> springfox.documentation.swagger.web.ApiResourceController.swaggerResources()
2019-05-28 00:11:45.713 [restartedMain] INFO 
				o.s.w.s.m.m.a.RequestMappingHandlerMapping-Mapped "{[/swagger-resources/configuration/security]}" onto public org.springframework.http.ResponseEntity<springfox.documentation.swagger.web.SecurityConfiguration> springfox.documentation.swagger.web.ApiResourceController.securityConfiguration()
2019-05-28 00:11:45.715 [restartedMain] INFO 
				o.s.w.s.m.m.a.RequestMappingHandlerMapping-Mapped "{[/error]}" onto public org.springframework.http.ResponseEntity<java.util.Map<java.lang.String, java.lang.Object>> org.springframework.boot.autoconfigure.web.servlet.error.BasicErrorController.error(javax.servlet.http.HttpServletRequest)
2019-05-28 00:11:45.716 [restartedMain] INFO 
				o.s.w.s.m.m.a.RequestMappingHandlerMapping-Mapped "{[/error],produces=[text/html]}" onto public org.springframework.web.servlet.ModelAndView org.springframework.boot.autoconfigure.web.servlet.error.BasicErrorController.errorHtml(javax.servlet.http.HttpServletRequest,javax.servlet.http.HttpServletResponse)
2019-05-28 00:11:45.865 [restartedMain] INFO 
				s.d.s.w.PropertySourcedRequestMappingHandlerMapping-Mapped URL path [/v2/api-docs] onto method [public org.springframework.http.ResponseEntity<springfox.documentation.spring.web.json.Json> springfox.documentation.swagger2.web.Swagger2Controller.getDocumentation(java.lang.String,javax.servlet.http.HttpServletRequest)]
2019-05-28 00:11:45.955 [restartedMain] INFO 
				o.s.w.s.h.SimpleUrlHandlerMapping-Mapped URL path [/**/favicon.ico] onto handler of type [class org.springframework.web.servlet.resource.ResourceHttpRequestHandler]
2019-05-28 00:11:46.127 [restartedMain] INFO 
				o.s.w.s.m.m.a.RequestMappingHandlerAdapter-Looking for @ControllerAdvice: org.springframework.boot.web.servlet.context.AnnotationConfigServletWebServerApplicationContext@3645cf2f: startup date [Tue May 28 00:11:40 CST 2019]; root of context hierarchy
2019-05-28 00:11:46.172 [restartedMain] INFO 
				o.s.w.s.h.SimpleUrlHandlerMapping-Mapped URL path [/webjars/**] onto handler of type [class org.springframework.web.servlet.resource.ResourceHttpRequestHandler]
2019-05-28 00:11:46.172 [restartedMain] INFO 
				o.s.w.s.h.SimpleUrlHandlerMapping-Mapped URL path [/**] onto handler of type [class org.springframework.web.servlet.resource.ResourceHttpRequestHandler]
2019-05-28 00:11:46.172 [restartedMain] INFO 
				o.s.w.s.h.SimpleUrlHandlerMapping-Mapped URL path [/upload/**] onto handler of type [class org.springframework.web.servlet.resource.ResourceHttpRequestHandler]
2019-05-28 00:11:46.447 [restartedMain] INFO 
				o.s.b.d.a.OptionalLiveReloadServer-LiveReload server is running on port 35729
2019-05-28 00:11:46.474 [restartedMain] INFO 
				o.s.j.e.a.AnnotationMBeanExporter-Registering beans for JMX exposure on startup
2019-05-28 00:11:46.476 [restartedMain] INFO 
				o.s.j.e.a.AnnotationMBeanExporter-Bean with name 'dataSource' has been autodetected for JMX exposure
2019-05-28 00:11:46.483 [restartedMain] INFO 
				o.s.j.e.a.AnnotationMBeanExporter-Located MBean 'dataSource': registering with JMX server as MBean [com.zaxxer.hikari:name=dataSource,type=HikariDataSource]
2019-05-28 00:11:46.487 [restartedMain] INFO 
				o.s.c.s.DefaultLifecycleProcessor-Starting beans in phase 2147483647
2019-05-28 00:11:46.488 [restartedMain] INFO 
				s.d.s.w.p.DocumentationPluginsBootstrapper-Context refreshed
2019-05-28 00:11:46.504 [restartedMain] INFO 
				s.d.s.w.p.DocumentationPluginsBootstrapper-Found 1 custom documentation plugin(s)
2019-05-28 00:11:46.529 [restartedMain] INFO 
				s.d.s.w.s.ApiListingReferenceScanner-Scanning for api listing references
2019-05-28 00:11:46.792 [restartedMain] INFO 
				o.s.b.w.e.tomcat.TomcatWebServer-Tomcat started on port(s): 8081 (http) with context path '/shop'
2019-05-28 00:11:46.797 [restartedMain] INFO 
				com.mazhe.WcharApplication-Started WcharApplication in 7.205 seconds (JVM running for 8.059)
2019-05-28 00:17:43.421 [restartedMain] INFO 
				com.mazhe.WcharApplication-Starting WcharApplication on 75FSNYB25U5X91C with PID 2948 (E:\IdeaProjects\wchar\target\classes started by Administrator in E:\IdeaProjects\wchar)
2019-05-28 00:17:43.423 [restartedMain] INFO 
				com.mazhe.WcharApplication-The following profiles are active: uat
2019-05-28 00:17:43.499 [restartedMain] INFO 
				o.s.b.w.s.c.AnnotationConfigServletWebServerApplicationContext-Refreshing org.springframework.boot.web.servlet.context.AnnotationConfigServletWebServerApplicationContext@1699fe6e: startup date [Tue May 28 00:17:43 CST 2019]; root of context hierarchy
2019-05-28 00:17:46.082 [restartedMain] INFO 
				o.s.c.s.PostProcessorRegistrationDelegate$BeanPostProcessorChecker-Bean 'org.springframework.transaction.annotation.ProxyTransactionManagementConfiguration' of type [org.springframework.transaction.annotation.ProxyTransactionManagementConfiguration$$EnhancerBySpringCGLIB$$2ceb0666] is not eligible for getting processed by all BeanPostProcessors (for example: not eligible for auto-proxying)
2019-05-28 00:17:47.478 [restartedMain] INFO 
				o.s.b.w.e.tomcat.TomcatWebServer-Tomcat initialized with port(s): 8081 (http)
2019-05-28 00:17:47.503 [restartedMain] INFO 
				o.a.catalina.core.StandardService-Starting service [Tomcat]
2019-05-28 00:17:47.504 [restartedMain] INFO 
				o.a.catalina.core.StandardEngine-Starting Servlet Engine: Apache Tomcat/8.5.32
2019-05-28 00:17:47.510 [localhost-startStop-1] INFO 
				o.a.c.core.AprLifecycleListener-The APR based Apache Tomcat Native library which allows optimal performance in production environments was not found on the java.library.path: [D:\Java\jdk1.8.0_202\bin;C:\Windows\Sun\Java\bin;C:\Windows\system32;C:\Windows;%JAVA_HOME%\bin;C:\Program Files (x86)\Common Files\Oracle\Java\javapath;D:\Xshell 6\;C:\Windows\system32;C:\Windows;C:\Windows\System32\Wbem;C:\Windows\System32\WindowsPowerShell\v1.0\;C:\Windows\System32\OpenSSH\;C:\Program Files (x86)\NVIDIA Corporation\PhysX\Common;C:\Program Files\NVIDIA Corporation\NVIDIA NvDLISR;C:\Program Files\MySQL\MySQL Utilities 1.6\;C:\Users\Administrator\AppData\Local\Microsoft\WindowsApps;;.]
2019-05-28 00:17:47.646 [localhost-startStop-1] INFO 
				o.a.c.c.C.[.[localhost].[/shop]-Initializing Spring embedded WebApplicationContext
2019-05-28 00:17:47.646 [localhost-startStop-1] INFO 
				o.s.web.context.ContextLoader-Root WebApplicationContext: initialization completed in 4147 ms
2019-05-28 00:17:47.738 [localhost-startStop-1] INFO 
				o.s.b.w.s.ServletRegistrationBean-Servlet dispatcherServlet mapped to [/]
2019-05-28 00:17:47.746 [localhost-startStop-1] INFO 
				o.s.b.w.s.FilterRegistrationBean-Mapping filter: 'characterEncodingFilter' to: [/*]
2019-05-28 00:17:47.747 [localhost-startStop-1] INFO 
				o.s.b.w.s.FilterRegistrationBean-Mapping filter: 'hiddenHttpMethodFilter' to: [/*]
2019-05-28 00:17:47.747 [localhost-startStop-1] INFO 
				o.s.b.w.s.FilterRegistrationBean-Mapping filter: 'httpPutFormContentFilter' to: [/*]
2019-05-28 00:17:47.747 [localhost-startStop-1] INFO 
				o.s.b.w.s.FilterRegistrationBean-Mapping filter: 'requestContextFilter' to: [/*]
2019-05-28 00:17:47.916 [restartedMain] INFO 
				com.zaxxer.hikari.HikariDataSource-lol - Starting...
2019-05-28 00:17:48.052 [restartedMain] INFO 
				com.zaxxer.hikari.HikariDataSource-lol - Start completed.
2019-05-28 00:17:48.230 [restartedMain] INFO 
				o.s.o.j.LocalContainerEntityManagerFactoryBean-Building JPA container EntityManagerFactory for persistence unit 'default'
2019-05-28 00:17:48.250 [restartedMain] INFO 
				o.h.jpa.internal.util.LogHelper-HHH000204: Processing PersistenceUnitInfo [
	name: default
	...]
2019-05-28 00:17:48.323 [restartedMain] INFO 
				org.hibernate.Version-HHH000412: Hibernate Core {5.2.17.Final}
2019-05-28 00:17:48.327 [restartedMain] INFO 
				org.hibernate.cfg.Environment-HHH000206: hibernate.properties not found
2019-05-28 00:17:48.363 [restartedMain] INFO 
				o.h.annotations.common.Version-HCANN000001: Hibernate Commons Annotations {5.0.1.Final}
2019-05-28 00:17:48.468 [restartedMain] INFO 
				org.hibernate.dialect.Dialect-HHH000400: Using dialect: org.hibernate.dialect.MySQL5Dialect
2019-05-28 00:17:48.964 [restartedMain] INFO 
				o.s.o.j.LocalContainerEntityManagerFactoryBean-Initialized JPA EntityManagerFactory for persistence unit 'default'
2019-05-28 00:17:49.683 [restartedMain] WARN 
				o.s.b.a.o.j.JpaBaseConfiguration$JpaWebConfiguration$JpaWebMvcConfiguration-spring.jpa.open-in-view is enabled by default. Therefore, database queries may be performed during view rendering. Explicitly configure spring.jpa.open-in-view to disable this warning
2019-05-28 00:17:49.770 [restartedMain] INFO 
				o.s.w.s.m.m.a.RequestMappingHandlerMapping-Mapped "{[/api/order/test],methods=[POST]}" onto public com.mazhe.domain.Product com.mazhe.controller.OrderController.call(javax.servlet.http.HttpServletRequest,com.mazhe.domain.Product)
2019-05-28 00:17:49.775 [restartedMain] INFO 
				o.s.w.s.m.m.a.RequestMappingHandlerMapping-Mapped "{[/api/order/status],methods=[GET]}" onto public java.lang.Object com.mazhe.controller.OrderController.checkStatus(javax.servlet.http.HttpServletRequest)
2019-05-28 00:17:49.785 [restartedMain] INFO 
				o.s.w.s.m.m.a.RequestMappingHandlerMapping-Mapped "{[/api/wechar/product/find/all],methods=[GET]}" onto public java.lang.Object com.mazhe.controller.WecharController.findAllProduct(javax.servlet.http.HttpServletRequest)
2019-05-28 00:17:49.786 [restartedMain] INFO 
				o.s.w.s.m.m.a.RequestMappingHandlerMapping-Mapped "{[/api/wechar/wechar/login],methods=[GET]}" onto public java.lang.Object com.mazhe.controller.WecharController.wecharlogin(java.lang.String)
2019-05-28 00:17:49.787 [restartedMain] INFO 
				o.s.w.s.m.m.a.RequestMappingHandlerMapping-Mapped "{[/api/wechar/fileUpload],methods=[POST]}" onto public java.lang.Object com.mazhe.controller.WecharController.fileUpload(org.springframework.web.multipart.MultipartFile)
2019-05-28 00:17:49.787 [restartedMain] INFO 
				o.s.w.s.m.m.a.RequestMappingHandlerMapping-Mapped "{[/api/wechar/product/find/{Id}],methods=[GET]}" onto public java.lang.Object com.mazhe.controller.WecharController.findProductById(javax.servlet.http.HttpServletRequest,java.lang.Long)
2019-05-28 00:17:49.788 [restartedMain] INFO 
				o.s.w.s.m.m.a.RequestMappingHandlerMapping-Mapped "{[/api/wechar/product/add],methods=[POST]}" onto public java.lang.Object com.mazhe.controller.WecharController.addProduct(javax.servlet.http.HttpServletRequest,com.mazhe.domain.Product)
2019-05-28 00:17:49.789 [restartedMain] INFO 
				o.s.w.s.m.m.a.RequestMappingHandlerMapping-Mapped "{[/api/wechar/productype/add],methods=[POST]}" onto public java.lang.Object com.mazhe.controller.WecharController.addProductType(javax.servlet.http.HttpServletRequest,com.mazhe.domain.ProductType)
2019-05-28 00:17:49.793 [restartedMain] INFO 
				o.s.w.s.m.m.a.RequestMappingHandlerMapping-Mapped "{[/api/wechar/productype/find/all],methods=[GET]}" onto public java.lang.Object com.mazhe.controller.WecharController.findAllProductType(javax.servlet.http.HttpServletRequest)
2019-05-28 00:17:49.793 [restartedMain] INFO 
				o.s.w.s.m.m.a.RequestMappingHandlerMapping-Mapped "{[/api/wechar/product/find/type/{typeId}],methods=[GET]}" onto public java.lang.Object com.mazhe.controller.WecharController.findProductByType(javax.servlet.http.HttpServletRequest,java.lang.Long)
2019-05-28 00:17:49.805 [restartedMain] INFO 
				o.s.w.s.m.m.a.RequestMappingHandlerMapping-Mapped "{[/swagger-resources]}" onto public org.springframework.http.ResponseEntity<java.util.List<springfox.documentation.swagger.web.SwaggerResource>> springfox.documentation.swagger.web.ApiResourceController.swaggerResources()
2019-05-28 00:17:49.813 [restartedMain] INFO 
				o.s.w.s.m.m.a.RequestMappingHandlerMapping-Mapped "{[/swagger-resources/configuration/ui]}" onto public org.springframework.http.ResponseEntity<springfox.documentation.swagger.web.UiConfiguration> springfox.documentation.swagger.web.ApiResourceController.uiConfiguration()
2019-05-28 00:17:49.815 [restartedMain] INFO 
				o.s.w.s.m.m.a.RequestMappingHandlerMapping-Mapped "{[/swagger-resources/configuration/security]}" onto public org.springframework.http.ResponseEntity<springfox.documentation.swagger.web.SecurityConfiguration> springfox.documentation.swagger.web.ApiResourceController.securityConfiguration()
2019-05-28 00:17:49.820 [restartedMain] INFO 
				o.s.w.s.m.m.a.RequestMappingHandlerMapping-Mapped "{[/error]}" onto public org.springframework.http.ResponseEntity<java.util.Map<java.lang.String, java.lang.Object>> org.springframework.boot.autoconfigure.web.servlet.error.BasicErrorController.error(javax.servlet.http.HttpServletRequest)
2019-05-28 00:17:49.821 [restartedMain] INFO 
				o.s.w.s.m.m.a.RequestMappingHandlerMapping-Mapped "{[/error],produces=[text/html]}" onto public org.springframework.web.servlet.ModelAndView org.springframework.boot.autoconfigure.web.servlet.error.BasicErrorController.errorHtml(javax.servlet.http.HttpServletRequest,javax.servlet.http.HttpServletResponse)
2019-05-28 00:17:50.000 [restartedMain] INFO 
				s.d.s.w.PropertySourcedRequestMappingHandlerMapping-Mapped URL path [/v2/api-docs] onto method [public org.springframework.http.ResponseEntity<springfox.documentation.spring.web.json.Json> springfox.documentation.swagger2.web.Swagger2Controller.getDocumentation(java.lang.String,javax.servlet.http.HttpServletRequest)]
2019-05-28 00:17:50.069 [restartedMain] INFO 
				o.s.w.s.h.SimpleUrlHandlerMapping-Mapped URL path [/**/favicon.ico] onto handler of type [class org.springframework.web.servlet.resource.ResourceHttpRequestHandler]
2019-05-28 00:17:50.225 [restartedMain] INFO 
				o.s.w.s.m.m.a.RequestMappingHandlerAdapter-Looking for @ControllerAdvice: org.springframework.boot.web.servlet.context.AnnotationConfigServletWebServerApplicationContext@1699fe6e: startup date [Tue May 28 00:17:43 CST 2019]; root of context hierarchy
2019-05-28 00:17:50.267 [restartedMain] INFO 
				o.s.w.s.h.SimpleUrlHandlerMapping-Mapped URL path [/webjars/**] onto handler of type [class org.springframework.web.servlet.resource.ResourceHttpRequestHandler]
2019-05-28 00:17:50.267 [restartedMain] INFO 
				o.s.w.s.h.SimpleUrlHandlerMapping-Mapped URL path [/**] onto handler of type [class org.springframework.web.servlet.resource.ResourceHttpRequestHandler]
2019-05-28 00:17:50.267 [restartedMain] INFO 
				o.s.w.s.h.SimpleUrlHandlerMapping-Mapped URL path [/upload/**] onto handler of type [class org.springframework.web.servlet.resource.ResourceHttpRequestHandler]
2019-05-28 00:17:50.533 [restartedMain] INFO 
				o.s.b.d.a.OptionalLiveReloadServer-LiveReload server is running on port 35729
2019-05-28 00:17:50.563 [restartedMain] INFO 
				o.s.j.e.a.AnnotationMBeanExporter-Registering beans for JMX exposure on startup
2019-05-28 00:17:50.565 [restartedMain] INFO 
				o.s.j.e.a.AnnotationMBeanExporter-Bean with name 'dataSource' has been autodetected for JMX exposure
2019-05-28 00:17:50.572 [restartedMain] INFO 
				o.s.j.e.a.AnnotationMBeanExporter-Located MBean 'dataSource': registering with JMX server as MBean [com.zaxxer.hikari:name=dataSource,type=HikariDataSource]
2019-05-28 00:17:50.578 [restartedMain] INFO 
				o.s.c.s.DefaultLifecycleProcessor-Starting beans in phase 2147483647
2019-05-28 00:17:50.579 [restartedMain] INFO 
				s.d.s.w.p.DocumentationPluginsBootstrapper-Context refreshed
2019-05-28 00:17:50.595 [restartedMain] INFO 
				s.d.s.w.p.DocumentationPluginsBootstrapper-Found 1 custom documentation plugin(s)
2019-05-28 00:17:50.619 [restartedMain] INFO 
				s.d.s.w.s.ApiListingReferenceScanner-Scanning for api listing references
2019-05-28 00:17:50.794 [restartedMain] INFO 
				o.s.b.w.e.tomcat.TomcatWebServer-Tomcat started on port(s): 8081 (http) with context path '/shop'
2019-05-28 00:17:50.797 [restartedMain] INFO 
				com.mazhe.WcharApplication-Started WcharApplication in 7.952 seconds (JVM running for 9.046)
